<?xml version="1.0" encoding="UTF-8"?>
<!-- Generated by org.testng.reporters.JUnitReportReporter -->
<testsuite hostname="LPCAIQ0804" failures="0" tests="1" name="com.OrangeHRM.testcases.ResetPasswordTest" time="27.385" errors="0" timestamp="2022-09-11T15:27:29 EET" skipped="0">
  <testcase classname="com.OrangeHRM.testcases.ResetPasswordTest" name="checkForgotPasswordFunctionality" time="27.385"/>
  <system-out/>
</testsuite> <!-- com.OrangeHRM.testcases.ResetPasswordTest -->
