<?xml version="1.0" encoding="UTF-8"?>
<!-- Generated by org.testng.reporters.JUnitReportReporter -->
<testsuite hostname="LPCAIQ0804" failures="0" tests="8" name="com.OrangeHRM.testcases.LoginPageTest" time="68.379" errors="0" timestamp="2022-09-18T13:05:32 EET" skipped="0">
  <testcase classname="com.OrangeHRM.testcases.LoginPageTest" name="PerformValidLoginTest" time="7.851"/>
  <system-out/>
  <testcase classname="com.OrangeHRM.testcases.LoginPageTest" name="CheckLoginwithInvalidPasswordOrmail" time="7.332"/>
  <system-out/>
  <testcase classname="com.OrangeHRM.testcases.LoginPageTest" name="CheckLoginwithInvalidPasswordOrmail" time="14.507"/>
  <system-out/>
  <testcase classname="com.OrangeHRM.testcases.LoginPageTest" name="CheckLoginwithInvalidPasswordOrmail" time="7.484"/>
  <system-out/>
  <testcase classname="com.OrangeHRM.testcases.LoginPageTest" name="CheckLoginwithInvalidPasswordOrmail" time="6.541"/>
  <system-out/>
  <testcase classname="com.OrangeHRM.testcases.LoginPageTest" name="testLogo" time="5.081"/>
  <system-out/>
  <testcase classname="com.OrangeHRM.testcases.LoginPageTest" name="testURL" time="14.834"/>
  <system-out/>
  <testcase classname="com.OrangeHRM.testcases.LoginPageTest" name="testTitle" time="4.749"/>
  <system-out/>
</testsuite> <!-- com.OrangeHRM.testcases.LoginPageTest -->
